<?xml version="1.0" encoding="UTF-8"?>
<!-- Generated by org.testng.reporters.JUnitReportReporter -->
<testsuite hostname="DESKTOP-N116C5V" name="com.test.extent.Dummy" tests="3" failures="0" timestamp="22 Oct 2019 17:21:52 GMT" time="0.045" errors="0">
  <testcase name="testOnSkip" time="0.001" classname="com.test.extent.Dummy"/>
  <testcase name="testOnPass" time="0.002" classname="com.test.extent.Dummy"/>
  <testcase name="testOnFail" time="0.042" classname="com.test.extent.Dummy"/>
</testsuite> <!-- com.test.extent.Dummy -->
